<?xml version="1.0" encoding="utf-8"?><testsuites name="pytest tests"><testsuite name="pytest" errors="0" failures="0" skipped="0" tests="434" time="218.984" timestamp="2026-09-16T19:33:10.979269+09:00" hostname="MG-JEONSEONGCHEOL"><testcase classname="tests.test_ai_features" name="test_prompt_contains_metadata_but_never_paths" time="0.043" /><testcase classname="tests.test_ai_features" name="test_parse_describe_is_tolerant[```json\n{&quot;summary&quot;: &quot;Makes smoke.&quot;, &quot;tags&quot;: [&quot;Smoke&quot;, &quot;fx source&quot;, &quot;smoke&quot;]}\n```]" time="0.001" /><testcase classname="tests.test_ai_features" name="test_parse_describe_is_tolerant[Sure! Here you go:\n{&quot;summary&quot;: &quot;Makes smoke.&quot;, &quot;tags&quot;: &quot;smoke, fx_source #Smoke&quot;}\nHope it helps.]" time="0.000" /><testcase classname="tests.test_ai_features" name="test_parse_describe_is_tolerant[{&quot;summary&quot;: &quot; Makes smoke. &quot;, &quot;tags&quot;: [&quot;smoke&quot;, &quot;fx_source&quot;]}]" time="0.000" /><testcase classname="tests.test_ai_features" name="test_parse_describe_rejects_garbage" time="0.001" /><testcase classname="tests.test_ai_features" name="test_describe_asset_round_trip" time="0.008" /><testcase classname="tests.test_ai_models_dialog" name="test_missing_server_shows_install_guidance" time="0.215" /><testcase classname="tests.test_ai_models_dialog" name="test_download_recommended_then_use" time="0.249" /><testcase classname="tests.test_ai_models_dialog" name="test_close_during_download_cancels_and_finishes" time="0.202" /><testcase classname="tests.test_ai_models_dialog" name="test_preference_button_applies_settings_without_saving" time="0.506" /><testcase classname="tests.test_ai_models_dialog" name="test_remove_installed_model_asks_first_then_refreshes" time="0.217" /><testcase classname="tests.test_ai_models_dialog" name="test_progress_survives_byte_counts_beyond_32_bits" time="0.203" /><testcase classname="tests.test_ai_models_dialog" name="test_followup_refresh_waits_for_controller_idle[False-remove]" time="0.210" /><testcase classname="tests.test_ai_models_dialog" name="test_followup_refresh_waits_for_controller_idle[False-download]" time="0.222" /><testcase classname="tests.test_ai_models_dialog" name="test_followup_refresh_waits_for_controller_idle[True-remove]" time="0.203" /><testcase classname="tests.test_ai_models_dialog" name="test_followup_refresh_waits_for_controller_idle[True-download]" time="0.231" /><testcase classname="tests.test_ai_provider" name="test_provider_dispatch_by_kind" time="0.175" /><testcase classname="tests.test_ai_provider" name="test_ai_call_runs_off_gui_thread_and_delivers_once" time="0.174" /><testcase classname="tests.test_ai_provider" name="test_ai_controller_does_not_share_archive_busy_gate" time="0.180" /><testcase classname="tests.test_ai_provider" name="test_preference_ai_settings_roundtrip" time="0.394" /><testcase classname="tests.test_ai_provider" name="test_preference_without_ai_key_loads_defaults" time="0.280" /><testcase classname="tests.test_ai_provider" name="test_preference_ai_fields_follow_backend" time="0.277" /><testcase classname="tests.test_annotations" name="test_maintained_function_signatures_are_annotated" time="9.049" /><testcase classname="tests.test_architecture" name="test_only_the_host_boundary_imports_hou" time="0.177" /><testcase classname="tests.test_architecture" name="test_domain_libs_have_no_qt" time="0.175" /><testcase classname="tests.test_architecture" name="test_nothing_imports_main" time="0.176" /><testcase classname="tests.test_architecture" name="test_public_importers_only_shrink" time="0.178" /><testcase classname="tests.test_architecture" name="test_panel_features_are_composed_and_have_explicit_bindings" time="0.198" /><testcase classname="tests.test_architecture" name="test_maintained_modules_are_type_checked" time="0.183" /><testcase classname="tests.test_architecture" name="test_direct_facade_sites_only_shrink" time="0.249" /><testcase classname="tests.test_architecture" name="test_team_workspace_contract_and_presenter_stay_independent" time="0.209" /><testcase classname="tests.test_architecture" name="test_panel_selection_fields_are_not_written_by_ui_adapters" time="0.332" /><testcase classname="tests.test_architecture" name="test_named_boundaries_do_not_regress_to_row_lists_or_whole_windows" time="0.258" /><testcase classname="tests.test_architecture" name="test_scene_ui_does_not_open_storage_connections" time="0.188" /><testcase classname="tests.test_archives" name="test_unsafe_archive_rejected[../escape]" time="0.181" /><testcase classname="tests.test_archives" name="test_unsafe_archive_rejected[/absolute]" time="0.177" /><testcase classname="tests.test_archives" name="test_unsafe_archive_rejected[C:/windows]" time="0.189" /><testcase classname="tests.test_archives" name="test_unsafe_archive_rejected[a\\..\\escape]" time="0.178" /><testcase classname="tests.test_archives" name="test_unsafe_archive_rejected[file:stream]" time="0.196" /><testcase classname="tests.test_archives" name="test_unsafe_archive_rejected[a./x]" time="0.179" /><testcase classname="tests.test_archives" name="test_archive_roundtrip_relocates_assets" time="0.243" /><testcase classname="tests.test_archives" name="test_wal_snapshot_includes_uncheckpointed_commits" time="0.241" /><testcase classname="tests.test_archives" name="test_import_commit_and_rollback" time="0.352" /><testcase classname="tests.test_asset_browser" name="test_presenter_search_refresh_failure_and_empty_query" time="0.185" /><testcase classname="tests.test_asset_browser" name="test_search_gateway_preserves_repository_arguments_and_cancellation" time="0.165" /><testcase classname="tests.test_asset_browser" name="test_delayed_response_cannot_overwrite_new_state[new_query]" time="0.183" /><testcase classname="tests.test_asset_browser" name="test_delayed_response_cannot_overwrite_new_state[invalidate]" time="0.190" /><testcase classname="tests.test_asset_browser" name="test_delayed_response_cannot_overwrite_new_state[empty]" time="0.179" /><testcase classname="tests.test_asset_browser" name="test_delayed_response_cannot_overwrite_new_state[library]" time="0.186" /><testcase classname="tests.test_asset_browser" name="test_delayed_response_cannot_overwrite_new_state[close]" time="0.189" /><testcase classname="tests.test_asset_browser" name="test_browser_models_filters_selection_and_mode" time="0.179" /><testcase classname="tests.test_asset_browser" name="test_ui_shell_and_compatibility_preserve_names" time="0.271" /><testcase classname="tests.test_asset_browser" name="test_presenter_and_search_contract_import_without_qt_or_host" time="0.280" /><testcase classname="tests.test_asset_copy" name="test_copy_preserves_versions_metadata_files_and_originals" time="1.381" /><testcase classname="tests.test_asset_copy" name="test_lost_commit_response_replays_without_source_files" time="0.728" /><testcase classname="tests.test_asset_copy" name="test_partial_upload_resumes_and_changed_file_blocks" time="0.731" /><testcase classname="tests.test_asset_copy" name="test_missing_optional_files_current_only_and_cancel" time="0.295" /><testcase classname="tests.test_asset_copy" name="test_atomic_rollback_and_validation" time="0.647" /><testcase classname="tests.test_asset_copy" name="test_permissions_and_trash_name_conflicts" time="0.740" /><testcase classname="tests.test_asset_copy" name="test_dialog_preview_copy_and_resume" time="0.878" /><testcase classname="tests.test_asset_copy" name="test_duplicate_legacy_labels_get_reviewable_unique_names" time="0.296" /><testcase classname="tests.test_asset_copy" name="test_cancel_upload_then_change_selection" time="0.729" /><testcase classname="tests.test_asset_copy" name="test_blob_removed_before_commit_can_be_uploaded_again" time="0.753" /><testcase classname="tests.test_asset_copy" name="test_concurrent_copies_by_different_users_do_not_duplicate" time="0.666" /><testcase classname="tests.test_asset_copy" name="test_closing_dialog_drains_upload_and_leaves_resume_journal" time="0.640" /><testcase classname="tests.test_asset_search" name="test_superseded_search_results_are_dropped" time="0.246" /><testcase classname="tests.test_asset_search" name="test_rewrite_hook_and_failure" time="0.252" /><testcase classname="tests.test_core_refactoring" name="test_file_content_value_equality_hash_and_immutability" time="0.216" /><testcase classname="tests.test_core_refactoring" name="test_measurement_cancellation_including_empty_files" time="0.220" /><testcase classname="tests.test_core_refactoring" name="test_invalid_http_policy[kwargs0]" time="0.214" /><testcase classname="tests.test_core_refactoring" name="test_invalid_http_policy[kwargs1]" time="0.218" /><testcase classname="tests.test_core_refactoring" name="test_invalid_http_policy[kwargs2]" time="0.224" /><testcase classname="tests.test_core_refactoring" name="test_database_timeouts_are_injectable_and_validated" time="0.222" /><testcase classname="tests.test_core_refactoring" name="test_http_policy_applies_response_size_limit" time="0.226" /><testcase classname="tests.test_core_refactoring" name="test_copy_workflow_uses_journal_port_for_uncertain_replay" time="0.229" /><testcase classname="tests.test_core_refactoring" name="test_copy_workflow_does_not_import_concrete_adapters" time="0.269" /><testcase classname="tests.test_data_safety" name="test_failed_registration_removes_the_files_it_created" time="0.281" /><testcase classname="tests.test_data_safety" name="test_wal_mode_lets_a_reader_see_writes_and_revision_moves" time="0.290" /><testcase classname="tests.test_data_safety" name="test_import_commit_moves_wal_sidecars_with_the_database" time="0.280" /><testcase classname="tests.test_data_safety" name="test_auto_backup_is_daily_and_bounded" time="0.293" /><testcase classname="tests.test_database" name="test_quoted_data_and_tags" time="0.290" /><testcase classname="tests.test_database" name="test_normalize_tags_and_vocabulary" time="0.255" /><testcase classname="tests.test_database" name="test_transaction_rolls_back" time="0.249" /><testcase classname="tests.test_database" name="test_category_cleanup_is_scoped_to_user" time="0.263" /><testcase classname="tests.test_database" name="test_legacy_upgrade_backs_up_and_preserves_rows" time="0.388" /><testcase classname="tests.test_database" name="test_failed_migration_restores_original" time="0.367" /><testcase classname="tests.test_database" name="test_newer_schema_rejected" time="0.235" /><testcase classname="tests.test_database" name="test_transaction_spans_catalog_assets_nodes_and_history" time="0.261" /><testcase classname="tests.test_database" name="test_base_schema_category_cleanup_scopes_owner" time="0.242" /><testcase classname="tests.test_database" name="test_tag_owner_change_removes_previous_normalized_tags" time="0.303" /><testcase classname="tests.test_database" name="test_v2_upgrade_repairs_derived_tags_and_installs_indexes" time="0.313" /><testcase classname="tests.test_developer_app" name="test_sample_panel_starts_and_closes_without_changing_user_settings" time="3.894" /><testcase classname="tests.test_feature_presenters" name="test_save_keeps_target_and_newer_edits[note]" time="0.230" /><testcase classname="tests.test_feature_presenters" name="test_save_keeps_target_and_newer_edits[tag]" time="0.234" /><testcase classname="tests.test_feature_presenters" name="test_failed_save_keeps_draft_and_can_retry" time="0.231" /><testcase classname="tests.test_feature_presenters" name="test_library_switch_ignores_old_result_and_executor_busy_is_recoverable" time="0.236" /><testcase classname="tests.test_feature_presenters" name="test_deleted_asset_does_not_receive_late_save" time="0.221" /><testcase classname="tests.test_feature_presenters" name="test_commands_publish_only_after_commit[register]" time="0.229" /><testcase classname="tests.test_feature_presenters" name="test_commands_publish_only_after_commit[rename]" time="0.233" /><testcase classname="tests.test_feature_presenters" name="test_commands_publish_only_after_commit[delete]" time="0.236" /><testcase classname="tests.test_feature_presenters" name="test_commands_publish_only_after_commit[delete_history]" time="0.221" /><testcase classname="tests.test_feature_presenters" name="test_media_does_not_update_view_on_storage_failure[video]" time="0.245" /><testcase classname="tests.test_feature_presenters" name="test_media_does_not_update_view_on_storage_failure[thumbnail]" time="0.243" /><testcase classname="tests.test_feature_presenters" name="test_detail_does_not_mutate_record_and_handles_missing_thumbnail" time="0.221" /><testcase classname="tests.test_feature_presenters" name="test_name_validation[-False]" time="0.226" /><testcase classname="tests.test_feature_presenters" name="test_name_validation[12-False]" time="0.229" /><testcase classname="tests.test_feature_presenters" name="test_name_validation[_abc-False]" time="0.229" /><testcase classname="tests.test_feature_presenters" name="test_name_validation[1abc-False]" time="0.235" /><testcase classname="tests.test_feature_presenters" name="test_name_validation[.abc-False]" time="0.232" /><testcase classname="tests.test_feature_presenters" name="test_name_validation[ab-False]" time="0.227" /><testcase classname="tests.test_feature_presenters" name="test_name_validation[xxxxxxxxxxxxxxxxxxxxxxxxxxxxxxxxxxxxxxxxxxxxxxxxxxxxxxxxxxxxxxxxxxxxxxxxxxxxxxxxxxxxxxxxxxxxxxxxxxxxxxxxxxxxxxxxxxxxxxxxxxxxxxxxxxxxxxxxxxxxxxxxxxxxxxxxxxxxxxxxxxxxxxxxxxxxxxxxxxxxxxxxxxxxxxxxxxxxxxxxxxxxxxxxxxxxxxxxxxxxxxxxxxxxxxxxxxxxxxxxxxxxxxxxxxxxxxx-False]" time="0.222" /><testcase classname="tests.test_feature_presenters" name="test_name_validation[-abc-False]" time="0.231" /><testcase classname="tests.test_feature_presenters" name="test_name_validation[a/b-False]" time="0.230" /><testcase classname="tests.test_feature_presenters" name="test_name_validation[\ud55c\uae00-False]" time="0.223" /><testcase classname="tests.test_feature_presenters" name="test_name_validation[old-False]" time="0.223" /><testcase classname="tests.test_feature_presenters" name="test_name_validation[Water Sim-True]" time="0.254" /><testcase classname="tests.test_feature_presenters" name="test_history_invalid_range_keeps_previous_filter" time="0.225" /><testcase classname="tests.test_feature_presenters" name="test_paging_ignores_old_search_result" time="0.226" /><testcase classname="tests.test_feature_presenters" name="test_web_zoom_applies_host_scale_once" time="0.221" /><testcase classname="tests.test_feature_presenters" name="test_presenters_import_no_host_or_storage_implementation" time="0.429" /><testcase classname="tests.test_feature_presenters" name="test_video_and_preference_validation" time="0.228" /><testcase classname="tests.test_feature_presenters" name="test_model_actions_follow_installed_state_and_worker_busy" time="0.221" /><testcase classname="tests.test_feature_presenters" name="test_same_library_preference_change_preserves_draft" time="0.225" /><testcase classname="tests.test_feature_presenters" name="test_dialog_validation_controls_accepted_signal" time="0.517" /><testcase classname="tests.test_feature_presenters" name="test_local_lifecycle_uses_transactional_repository" time="0.342" /><testcase classname="tests.test_feature_presenters" name="test_metadata_empty_tags_and_deleted_asset" time="0.312" /><testcase classname="tests.test_feature_presenters" name="test_reload_discards_snapshot_from_before_write_or_library_switch[metadata_save]" time="0.226" /><testcase classname="tests.test_feature_presenters" name="test_reload_discards_snapshot_from_before_write_or_library_switch[library_switch]" time="0.226" /><testcase classname="tests.test_feature_presenters" name="test_reload_discards_snapshot_from_before_write_or_library_switch[none]" time="0.241" /><testcase classname="tests.test_houdini_boundary" name="test_preview_restores_timeline_after_failure" time="0.241" /><testcase classname="tests.test_houdini_boundary" name="test_houdini_deferred_callback_ignores_destroyed_panel" time="0.271" /><testcase classname="tests.test_houdini_boundary" name="test_network_category_lookup_does_not_mutate_scene" time="0.244" /><testcase classname="tests.test_identity" name="test_current_user_prefers_env" time="0.244" /><testcase classname="tests.test_identity" name="test_local_user_adopts_single_existing_row" time="0.241" /><testcase classname="tests.test_identity" name="test_library_context_from_preference" time="0.243" /><testcase classname="tests.test_integrity_followup" name="test_rename_preserves_old_media_versions_in_database_and_model" time="0.326" /><testcase classname="tests.test_integrity_followup" name="test_history_deletion_keeps_surviving_file_references" time="0.289" /><testcase classname="tests.test_integrity_followup" name="test_external_media_path_is_not_renamed" time="0.307" /><testcase classname="tests.test_integrity_followup" name="test_thumbnail_shutdown_drops_queued_results_and_new_requests" time="0.230" /><testcase classname="tests.test_integrity_followup" name="test_thumbnail_cache_rejects_invalid_limits[0-64]" time="0.242" /><testcase classname="tests.test_integrity_followup" name="test_thumbnail_cache_rejects_invalid_limits[-1-64]" time="0.227" /><testcase classname="tests.test_integrity_followup" name="test_thumbnail_cache_rejects_invalid_limits[1-0]" time="0.228" /><testcase classname="tests.test_integrity_followup" name="test_failed_staging_cleanup_keeps_recovery_location" time="0.239" /><testcase classname="tests.test_integrity_followup" name="test_video_completion_uses_encoded_asset_when_selection_changes" time="0.256" /><testcase classname="tests.test_integrity_followup" name="test_asset_row_lookup_uses_current_index_after_insertion" time="0.279" /><testcase classname="tests.test_layouts" name="test_python_layout_builds_and_dialog_buttons_work[panel-MainWindowLayout-QMainWindow-Individual HDA]" time="0.236" /><testcase classname="tests.test_layouts" name="test_python_layout_builds_and_dialog_buttons_work[detail_view-DetailViewLayout-QDialog-iHDA Detail View]" time="0.282" /><testcase classname="tests.test_layouts" name="test_python_layout_builds_and_dialog_buttons_work[make_video_info-VideoInfoLayout-QDialog-Make Video Information]" time="0.228" /><testcase classname="tests.test_layouts" name="test_python_layout_builds_and_dialog_buttons_work[preference-PreferenceLayout-QDialog-iHDA Preference]" time="0.244" /><testcase classname="tests.test_layouts" name="test_python_layout_builds_and_dialog_buttons_work[rename_ihda-RenameLayout-QDialog-iHDA Rename]" time="0.232" /><testcase classname="tests.test_layouts" name="test_python_layout_builds_and_dialog_buttons_work[video_player-VideoPlayerLayout-QWidget-iHDA Video Player]" time="0.292" /><testcase classname="tests.test_layouts" name="test_python_layout_builds_and_dialog_buttons_work[web_view-WebViewLayout-QWidget-iHDA Web View]" time="0.413" /><testcase classname="tests.test_layouts" name="test_main_navigation_and_embedding_hosts" time="0.235" /><testcase classname="tests.test_layouts" name="test_preference_tabs_and_persisted_control_contract" time="0.255" /><testcase classname="tests.test_layouts" name="test_application_has_no_designer_sources_or_generated_layouts" time="0.654" /><testcase classname="tests.test_library_metadata_ui" name="test_metadata_and_trash_use_existing_local_data" time="0.585" /><testcase classname="tests.test_library_sync" name="test_reload_and_revision_poll_follow_external_changes" time="3.197" /><testcase classname="tests.test_library_sync" name="test_ai_suggest_fills_editors_without_saving" time="1.081" /><testcase classname="tests.test_library_tools" name="test_health_reports_missing_files_and_incomplete_metadata" time="0.953" /><testcase classname="tests.test_library_tools" name="test_path_repair_preview_backup_and_stale_rejection" time="0.343" /><testcase classname="tests.test_library_tools" name="test_cross_platform_root_matching_and_missing_destination" time="0.315" /><testcase classname="tests.test_library_tools" name="test_backup_validation_and_reason" time="0.332" /><testcase classname="tests.test_library_tools" name="test_incomplete_backup_rejected" time="0.320" /><testcase classname="tests.test_library_tools" name="test_restore_stages_only_after_validation_and_preserves_original" time="0.378" /><testcase classname="tests.test_library_tools" name="test_recovery_cleanup_references_and_safety_archive" time="0.318" /><testcase classname="tests.test_library_tools" name="test_recovery_changed_preview_and_pending_journal_rejected" time="0.313" /><testcase classname="tests.test_library_tools" name="test_paged_search_literal_matching_and_cancellation" time="0.334" /><testcase classname="tests.test_library_tools" name="test_search_asset_ids_fields_tokens_and_wildcards" time="0.320" /><testcase classname="tests.test_library_tools" name="test_diff_reports_metadata_parameters_and_node_sections" time="0.227" /><testcase classname="tests.test_library_tools" name="test_manager_scan_pages_and_shutdown" time="0.748" /><testcase classname="tests.test_library_tools" name="test_debounce_delivers_only_latest_query" time="0.298" /><testcase classname="tests.test_library_tools" name="test_manager_close_waits_for_worker_and_emits_finished_once" time="0.334" /><testcase classname="tests.test_library_tools" name="test_manager_superseded_search_cannot_publish_stale_rows" time="0.714" /><testcase classname="tests.test_library_tools" name="test_malformed_backup_is_not_offered_as_restorable" time="0.287" /><testcase classname="tests.test_library_v2" name="test_preferences_usage_and_identity_are_independent[personal]" time="0.491" /><testcase classname="tests.test_library_v2" name="test_preferences_usage_and_identity_are_independent[server]" time="0.557" /><testcase classname="tests.test_library_v2" name="test_trash_restore_and_permanent_delete_keep_audit[personal]" time="0.465" /><testcase classname="tests.test_library_v2" name="test_trash_restore_and_permanent_delete_keep_audit[server]" time="0.645" /><testcase classname="tests.test_library_v2" name="test_version_trash_survives_asset_restore[personal]" time="0.524" /><testcase classname="tests.test_library_v2" name="test_version_trash_survives_asset_restore[server]" time="0.634" /><testcase classname="tests.test_library_v2" name="test_team_viewer_has_private_favorites_and_no_purge" time="0.552" /><testcase classname="tests.test_library_v2" name="test_media_preserves_version_snapshot" time="0.593" /><testcase classname="tests.test_library_v2" name="test_cleanup_preserves_shared_and_trashed_versions" time="0.638" /><testcase classname="tests.test_library_v2_migrations" name="test_personal_v4_upgrade_is_additive_and_retryable" time="0.270" /><testcase classname="tests.test_library_v2_migrations" name="test_personal_failed_upgrade_rolls_back" time="0.275" /><testcase classname="tests.test_library_v2_migrations" name="test_server_v1_upgrade_preserves_documents_and_seeds_members" time="0.692" /><testcase classname="tests.test_library_v2_migrations" name="test_legacy_pending_requires_review_and_keeps_file" time="0.248" /><testcase classname="tests.test_library_v2_migrations" name="test_trash_is_retained_and_relocatable_in_backup" time="0.341" /><testcase classname="tests.test_library_v2_migrations" name="test_file_integrity_survives_description_changes" time="0.334" /><testcase classname="tests.test_main_team" name="test_team_uses_main_widgets_and_keeps_personal_database_and_drafts" time="6.134" /><testcase classname="tests.test_main_team" name="test_connection_dialog_only_opens_verified_project_and_never_saves_token" time="0.923" /><testcase classname="tests.test_media_optional" name="test_panel_imports_without_multimedia_and_webengine" time="2.517" /><testcase classname="tests.test_models" name="test_shared_model_notifications_and_drag" time="0.256" /><testcase classname="tests.test_models" name="test_tag_filter" time="0.248" /><testcase classname="tests.test_models" name="test_scene_rename_retains_historical_filenames" time="0.244" /><testcase classname="tests.test_mutation_workflow" name="test_mixed_asset_trash_keeps_failed_asset_history_and_selection" time="0.818" /><testcase classname="tests.test_mutation_workflow" name="test_history_failure_and_current_version_protection_preserve_view" time="0.779" /><testcase classname="tests.test_mutation_workflow" name="test_rename_failure_rolls_back_journal_and_does_not_change_view" time="0.883" /><testcase classname="tests.test_mutation_workflow" name="test_service_rejects_invalid_rename_before_files_move[../invalid]" time="0.766" /><testcase classname="tests.test_mutation_workflow" name="test_service_rejects_invalid_rename_before_files_move[box]" time="0.779" /><testcase classname="tests.test_mutation_workflow" name="test_service_rejects_invalid_rename_before_files_move[box1]" time="0.777" /><testcase classname="tests.test_mutation_workflow" name="test_display_failure_reports_commit_without_retry[rename-args0]" time="0.266" /><testcase classname="tests.test_mutation_workflow" name="test_display_failure_reports_commit_without_retry[delete-args1]" time="0.273" /><testcase classname="tests.test_mutation_workflow" name="test_display_failure_reports_commit_without_retry[delete_history-args2]" time="0.250" /><testcase classname="tests.test_mutation_workflow" name="test_bulk_history_trash_retains_notes_current_version_and_files" time="0.799" /><testcase classname="tests.test_mutation_workflow" name="test_trash_audit_failure_rolls_back_database_and_preserves_ui[False]" time="0.802" /><testcase classname="tests.test_mutation_workflow" name="test_trash_audit_failure_rolls_back_database_and_preserves_ui[True]" time="0.777" /><testcase classname="tests.test_mutation_workflow" name="test_rename_overlay_closes_on_exception" time="0.240" /><testcase classname="tests.test_named_data" name="test_named_read_preserves_connection_and_rejects_ambiguous_columns" time="0.253" /><testcase classname="tests.test_named_data" name="test_repository_results_survive_reordered_sql_columns" time="0.322" /><testcase classname="tests.test_named_data" name="test_legacy_history_input_is_validated_and_ui_does_not_mutate_it" time="0.236" /><testcase classname="tests.test_named_data" name="test_panel_policy_rejects_invalid_values[kwargs0]" time="0.239" /><testcase classname="tests.test_named_data" name="test_panel_policy_rejects_invalid_values[kwargs1]" time="0.244" /><testcase classname="tests.test_named_data" name="test_panel_policy_rejects_invalid_values[kwargs2]" time="0.239" /><testcase classname="tests.test_named_data" name="test_sqlite_timeout_policy_is_applied" time="0.264" /><testcase classname="tests.test_named_data" name="test_optional_history_values_are_normalized_without_mutating_input" time="0.278" /><testcase classname="tests.test_named_data" name="test_search_policy_rejects_invalid_values[kwargs0]" time="0.269" /><testcase classname="tests.test_named_data" name="test_search_policy_rejects_invalid_values[kwargs1]" time="0.257" /><testcase classname="tests.test_named_data" name="test_search_policy_rejects_invalid_values[kwargs2]" time="0.262" /><testcase classname="tests.test_named_data" name="test_injected_archive_limits_reject_oversized_input[limits0]" time="0.267" /><testcase classname="tests.test_named_data" name="test_injected_archive_limits_reject_oversized_input[limits1]" time="0.251" /><testcase classname="tests.test_named_data" name="test_panel_uses_policy_and_page_identity" time="0.409" /><testcase classname="tests.test_ollama" name="test_version_and_installed_models" time="0.269" /><testcase classname="tests.test_ollama" name="test_pull_streams_progress_and_handles_cancel_and_errors" time="0.254" /><testcase classname="tests.test_ollama" name="test_delete_model" time="0.251" /><testcase classname="tests.test_ollama" name="test_vram_detection_and_recommendation" time="0.263" /><testcase classname="tests.test_ollama" name="test_ollama_provider_request_shape" time="0.268" /><testcase classname="tests.test_ollama" name="test_qwen3_vl_gets_an_empty_think_prefill" time="0.249" /><testcase classname="tests.test_ollama" name="test_answer_made_only_of_thinking_is_an_error" time="0.257" /><testcase classname="tests.test_panel_composition" name="test_lifetime_stops_at_failed_worker_and_retries_remaining_resources" time="0.275" /><testcase classname="tests.test_panel_composition" name="test_lifetime_rejects_duplicate_ownership" time="0.267" /><testcase classname="tests.test_panel_composition" name="test_startup_failure_closes_only_acquired_resources[1]" time="0.249" /><testcase classname="tests.test_panel_composition" name="test_startup_failure_closes_only_acquired_resources[2]" time="0.266" /><testcase classname="tests.test_panel_composition" name="test_startup_failure_closes_only_acquired_resources[3]" time="0.266" /><testcase classname="tests.test_panel_composition" name="test_startup_failure_closes_only_acquired_resources[4]" time="0.272" /><testcase classname="tests.test_panel_composition" name="test_import_close_retry_does_not_restart_or_redrain_services" time="0.409" /><testcase classname="tests.test_panel_composition" name="test_extracted_features_are_not_panel_bases" time="0.253" /><testcase classname="tests.test_panel_composition" name="test_dialog_cleanup_does_not_revisit_a_deleted_dialog" time="0.261" /><testcase classname="tests.test_panel_composition" name="test_close_reentry_during_worker_drain_is_deferred" time="0.242" /><testcase classname="tests.test_panel_refactoring" name="test_reload_rebuilds_all_selection_fields_and_preserves_historical_version" time="0.252" /><testcase classname="tests.test_panel_refactoring" name="test_team_history_discards_stale_response[selection]" time="0.252" /><testcase classname="tests.test_panel_refactoring" name="test_team_history_discards_stale_response[roundtrip]" time="0.265" /><testcase classname="tests.test_panel_refactoring" name="test_team_history_discards_stale_response[clear]" time="0.254" /><testcase classname="tests.test_panel_refactoring" name="test_team_history_discards_stale_response[close]" time="0.244" /><testcase classname="tests.test_panel_refactoring" name="test_team_history_busy_and_failure_can_retry" time="0.253" /><testcase classname="tests.test_panel_refactoring" name="test_sync_waits_for_idle_and_retries_snapshot_invalidated_by_save" time="0.250" /><testcase classname="tests.test_panel_refactoring" name="test_sync_rejected_submission_is_retried_after_idle" time="0.239" /><testcase classname="tests.test_panel_refactoring" name="test_library_capabilities_and_dispatch_are_explicit" time="0.243" /><testcase classname="tests.test_panel_refactoring" name="test_ai_result_cannot_cross_a_library_session" time="0.237" /><testcase classname="tests.test_panel_refactoring" name="test_registration_capture_accepts_a_host_adapter" time="0.245" /><testcase classname="tests.test_processes" name="test_ffmpeg_arguments_preserve_unicode_spaces_quotes" time="0.243" /><testcase classname="tests.test_processes" name="test_failed_encode_preserves_previous_video" time="0.237" /><testcase classname="tests.test_processes" name="test_probe_parses_json_without_execution" time="0.236" /><testcase classname="tests.test_processes" name="test_cancel_process_emits_once" time="0.298" /><testcase classname="tests.test_processes" name="test_background_result_on_ui_thread" time="0.237" /><testcase classname="tests.test_processes" name="test_playlist_modes_and_removal" time="0.235" /><testcase classname="tests.test_processes" name="test_settings_write_failure_keeps_old_file" time="0.245" /><testcase classname="tests.test_processes" name="test_rename_failure_preserves_destination" time="0.262" /><testcase classname="tests.test_proxy_audit" name="test_flat_proxy_null_values_and_combined_filters[ListProxyModel]" time="0.239" /><testcase classname="tests.test_proxy_audit" name="test_flat_proxy_null_values_and_combined_filters[TableProxyModel]" time="0.239" /><testcase classname="tests.test_proxy_audit" name="test_flat_proxy_null_values_and_combined_filters[HistoryProxyModel]" time="0.250" /><testcase classname="tests.test_proxy_audit" name="test_history_dates_include_whole_last_day" time="0.253" /><testcase classname="tests.test_proxy_audit" name="test_tree_constraints_apply_to_same_node_and_count_all_roots[RecordProxyModel]" time="0.235" /><testcase classname="tests.test_proxy_audit" name="test_tree_constraints_apply_to_same_node_and_count_all_roots[InsideProxyModel]" time="0.239" /><testcase classname="tests.test_proxy_audit" name="test_category_descendant_and_ancestor_search" time="0.254" /><testcase classname="tests.test_proxy_audit" name="test_dark_resources_and_host_theme_roundtrip" time="0.284" /><testcase classname="tests.test_proxy_audit" name="test_tree_model_mutation_notifications" time="0.256" /><testcase classname="tests.test_proxy_audit" name="test_every_source_model_and_proxy_obeys_qt_contract[category]" time="0.261" /><testcase classname="tests.test_proxy_audit" name="test_every_source_model_and_proxy_obeys_qt_contract[record]" time="0.267" /><testcase classname="tests.test_proxy_audit" name="test_every_source_model_and_proxy_obeys_qt_contract[inside]" time="0.273" /><testcase classname="tests.test_proxy_audit" name="test_every_source_model_and_proxy_obeys_qt_contract[list]" time="0.260" /><testcase classname="tests.test_proxy_audit" name="test_every_source_model_and_proxy_obeys_qt_contract[table]" time="0.247" /><testcase classname="tests.test_proxy_audit" name="test_every_source_model_and_proxy_obeys_qt_contract[history]" time="0.246" /><testcase classname="tests.test_proxy_audit" name="test_sorted_filtered_selection_maps_source_id" time="0.269" /><testcase classname="tests.test_proxy_audit" name="test_source_change_rechecks_active_filter" time="0.263" /><testcase classname="tests.test_proxy_audit" name="test_multi_delete_keeps_ids_after_proxy_reorders" time="0.281" /><testcase classname="tests.test_qt" name="test_drag_unicode_path" time="0.264" /><testcase classname="tests.test_qt" name="test_wildcard_search" time="0.290" /><testcase classname="tests.test_qt" name="test_note_highlighter" time="0.279" /><testcase classname="tests.test_qt" name="test_process_success_and_failure" time="0.275" /><testcase classname="tests.test_qt" name="test_video_widget" time="0.448" /><testcase classname="tests.test_qt" name="test_panel_constructs" time="0.618" /><testcase classname="tests.test_qt" name="test_panel_with_saved_library" time="0.970" /><testcase classname="tests.test_qt" name="test_panel_background_job_lifecycle[success]" time="0.609" /><testcase classname="tests.test_qt" name="test_panel_background_job_lifecycle[failure]" time="0.602" /><testcase classname="tests.test_qt" name="test_panel_background_job_lifecycle[close]" time="0.591" /><testcase classname="tests.test_qt" name="test_panel_background_job_lifecycle[host_destroy]" time="0.604" /><testcase classname="tests.test_qt" name="test_help_server_is_resolved_only_when_web_view_is_shown" time="0.262" /><testcase classname="tests.test_record_boundaries" name="test_named_records_reject_missing_unknown_and_positional_fields" time="0.247" /><testcase classname="tests.test_record_boundaries" name="test_v2_receipt_is_named_and_independent_of_document_field_order" time="0.266" /><testcase classname="tests.test_record_boundaries" name="test_v1_receipt_reader_preserves_paths_flags_and_history" time="0.250" /><testcase classname="tests.test_record_boundaries" name="test_capture_job_fingerprint_survives_v1_and_v2_decoding" time="0.237" /><testcase classname="tests.test_record_boundaries" name="test_column_definitions_reference_named_fields" time="0.252" /><testcase classname="tests.test_record_boundaries" name="test_domain_imports_without_storage_ui_or_host" time="0.393" /><testcase classname="tests.test_recovery" name="test_import_crash_after_each_rename[1]" time="0.420" /><testcase classname="tests.test_recovery" name="test_import_crash_after_each_rename[2]" time="0.433" /><testcase classname="tests.test_recovery" name="test_import_crash_after_each_rename[3]" time="0.456" /><testcase classname="tests.test_recovery" name="test_import_crash_after_each_rename[4]" time="0.475" /><testcase classname="tests.test_recovery" name="test_database_commit_decides_recovery[False]" time="0.690" /><testcase classname="tests.test_recovery" name="test_database_commit_decides_recovery[True]" time="0.690" /><testcase classname="tests.test_recovery" name="test_recovery_conflict_retains_both_files" time="0.266" /><testcase classname="tests.test_recovery" name="test_nested_database_transaction_savepoint" time="0.276" /><testcase classname="tests.test_recovery" name="test_delete_asset_rolls_back_files_when_database_write_fails" time="0.305" /><testcase classname="tests.test_recovery" name="test_version_one_migration_adds_operation_markers" time="0.317" /><testcase classname="tests.test_recovery" name="test_durable_operation_requires_outermost_database_transaction" time="0.273" /><testcase classname="tests.test_recovery" name="test_v1_journal_recovers_and_new_journals_write_named_moves" time="0.283" /><testcase classname="tests.test_registration_workflow" name="test_capture_failure_leaves_no_final_files_and_can_retry[asset]" time="0.432" /><testcase classname="tests.test_registration_workflow" name="test_capture_failure_leaves_no_final_files_and_can_retry[thumbnail]" time="0.398" /><testcase classname="tests.test_registration_workflow" name="test_database_failure_retains_attempt_files_and_retry_commits_once[False]" time="0.435" /><testcase classname="tests.test_registration_workflow" name="test_database_failure_retains_attempt_files_and_retry_commits_once[True]" time="0.525" /><testcase classname="tests.test_registration_workflow" name="test_publication_race_preserves_competing_file" time="0.353" /><testcase classname="tests.test_registration_workflow" name="test_optional_thumbnail_and_postcommit_error_preserve_registered_file" time="0.347" /><testcase classname="tests.test_registration_workflow" name="test_cleanup_verification_failure_preserves_original_error_and_files" time="0.344" /><testcase classname="tests.test_registration_workflow" name="test_display_and_render_flags_restore_after_registration_error" time="0.261" /><testcase classname="tests.test_registration_workflow" name="test_overlay_closes_after_batch_error" time="0.249" /><testcase classname="tests.test_registration_workflow" name="test_history_insert_failure_rolls_back_database_and_allows_retry[False]" time="0.411" /><testcase classname="tests.test_registration_workflow" name="test_history_insert_failure_rolls_back_database_and_allows_retry[True]" time="0.527" /><testcase classname="tests.test_registration_workflow" name="test_committed_display_failure_does_not_repeat_registration" time="0.384" /><testcase classname="tests.test_registration_workflow" name="test_registration_job_insert_survives_added_database_column" time="0.354" /><testcase classname="tests.test_runtime_settings" name="test_runtime_invalid_fields_are_isolated_and_batch_pair_recovers" time="0.285" /><testcase classname="tests.test_runtime_settings" name="test_preference_save_cancel_reset_and_failure" time="0.346" /><testcase classname="tests.test_runtime_settings" name="test_saved_policies_are_snapshots_and_explicit_services_win" time="1.249" /><testcase classname="tests.test_runtime_settings" name="test_explorer_custom_page_updates_queries_offsets_status_and_label" time="0.296" /><testcase classname="tests.test_runtime_settings" name="test_team_page_size_limits_each_request_without_truncating_browser" time="0.245" /><testcase classname="tests.test_runtime_settings" name="test_custom_media_timeout_and_thumbnail_decode_reach_workers" time="0.268" /><testcase classname="tests.test_runtime_settings" name="test_team_node_batch_uses_policy_and_cancellation" time="0.259" /><testcase classname="tests.test_runtime_settings" name="test_expanded_preferences_keep_confirmation_buttons_visible" time="0.393" /><testcase classname="tests.test_scene_record_cleanup" name="test_cleanup_preserves_inaccessible_records_and_deduplicates_deletion" time="0.262" /><testcase classname="tests.test_scene_record_cleanup" name="test_filtered_parent_selection_keeps_failed_database_record" time="0.987" /><testcase classname="tests.test_scene_record_cleanup" name="test_committed_delete_reloads_after_display_failure" time="0.988" /><testcase classname="tests.test_scene_record_cleanup" name="test_confirmation_uses_ids_captured_before_a_model_reset" time="0.984" /><testcase classname="tests.test_scene_repository" name="test_scene_usage_update_returns_existing_identity_and_rolls_back_bad_version" time="0.337" /><testcase classname="tests.test_scene_repository" name="test_local_scene_delivery_owns_transactions_and_does_not_resend" time="0.348" /><testcase classname="tests.test_schema_v4" name="test_rebuild_preserves_data_sequences_and_custom_objects" time="0.407" /><testcase classname="tests.test_schema_v4" name="test_invalid_legacy_data_or_columns_roll_back_entire_upgrade[UPDATE hda_info SET load_count='garbage']" time="0.384" /><testcase classname="tests.test_schema_v4" name="test_invalid_legacy_data_or_columns_roll_back_entire_upgrade[UPDATE hipfile_info SET fps=0]" time="0.396" /><testcase classname="tests.test_schema_v4" name="test_invalid_legacy_data_or_columns_roll_back_entire_upgrade[ALTER TABLE video_info ADD COLUMN custom_data TEXT]" time="0.383" /><testcase classname="tests.test_schema_v4" name="test_constraints_reject_invalid_writes[UPDATE hda_info SET load_count='bad']" time="0.421" /><testcase classname="tests.test_schema_v4" name="test_constraints_reject_invalid_writes[UPDATE hda_info SET load_count=1.5]" time="0.424" /><testcase classname="tests.test_schema_v4" name="test_constraints_reject_invalid_writes[UPDATE hda_info SET load_count=-1]" time="0.424" /><testcase classname="tests.test_schema_v4" name="test_constraints_reject_invalid_writes[UPDATE hda_info SET is_favorite=2]" time="0.416" /><testcase classname="tests.test_schema_v4" name="test_constraints_reject_invalid_writes[UPDATE houdini_node_info SET is_network='true']" time="0.430" /><testcase classname="tests.test_schema_v4" name="test_constraints_reject_invalid_writes[UPDATE houdini_node_info SET is_sub_network=-1]" time="0.426" /><testcase classname="tests.test_schema_v4" name="test_constraints_reject_invalid_writes[UPDATE hipfile_info SET fps=0]" time="0.421" /><testcase classname="tests.test_schema_v4" name="test_constraints_reject_invalid_writes[UPDATE hipfile_info SET fps='bad']" time="0.406" /><testcase classname="tests.test_schema_v4" name="test_constraints_reject_invalid_writes[UPDATE hipfile_info SET fps=1e999]" time="0.405" /><testcase classname="tests.test_schema_v4" name="test_constraints_reject_invalid_writes[UPDATE hipfile_info SET sf='bad']" time="0.398" /><testcase classname="tests.test_schema_v4" name="test_constraints_reject_invalid_writes[INSERT INTO houdini_node_input_connect_info VALUES (1,1,-1,'node','box',0)]" time="0.405" /><testcase classname="tests.test_schema_v4" name="test_constraints_reject_invalid_writes[INSERT INTO houdini_node_output_connect_info VALUES (1,1,0,'node','box',0.5)]" time="0.400" /><testcase classname="tests.test_schema_v4" name="test_migration_rejects_active_transaction_without_committing" time="0.396" /><testcase classname="tests.test_schema_v4" name="test_operation_markers_require_nonempty_ids[None]" time="0.414" /><testcase classname="tests.test_schema_v4" name="test_operation_markers_require_nonempty_ids[]" time="0.417" /><testcase classname="tests.test_schema_v4" name="test_history_video_path_requires_both_components" time="0.421" /><testcase classname="tests.test_server_backup" name="test_bundle_restore_and_non_overwrite" time="0.289" /><testcase classname="tests.test_server_backup" name="test_rejects_damaged_bundles_before_restore[missing]" time="0.268" /><testcase classname="tests.test_server_backup" name="test_rejects_damaged_bundles_before_restore[corrupt]" time="0.259" /><testcase classname="tests.test_server_backup" name="test_rejects_damaged_bundles_before_restore[omitted]" time="0.258" /><testcase classname="tests.test_server_backup" name="test_rejects_damaged_bundles_before_restore[traversal]" time="0.252" /><testcase classname="tests.test_server_backup" name="test_rejects_damaged_bundles_before_restore[incomplete]" time="0.270" /><testcase classname="tests.test_server_backup" name="test_rejects_damaged_bundles_before_restore[extra]" time="0.272" /><testcase classname="tests.test_server_backup" name="test_missing_source_and_failed_dump_never_publish" time="0.270" /><testcase classname="tests.test_server_backup" name="test_restore_validation_failure_does_not_publish" time="0.261" /><testcase classname="tests.test_server_backup" name="test_storage_lock_blocks_competing_operations" time="0.253" /><testcase classname="tests.test_server_backup" name="test_actual_postgres_snapshot_restore_and_sequence" time="1.173" /><testcase classname="tests.test_server_backup" name="test_server_backup_cli_has_no_qt_dependency" time="0.638" /><testcase classname="tests.test_server_backup" name="test_subprocess_credentials_are_not_command_arguments" time="0.261" /><testcase classname="tests.test_server_backup" name="test_backup_rejects_symlink_blob" time="0.265" /><testcase classname="tests.test_server_backup" name="test_schema_v2_bundle_is_still_verifiable" time="0.261" /><testcase classname="tests.test_server_backup" name="test_postgres_v2_inventory_can_restore_then_migrate" time="0.728" /><testcase classname="tests.test_settings_store" name="test_load_json_sets_aside_corrupt_files" time="0.257" /><testcase classname="tests.test_settings_store" name="test_apply_settings_isolates_each_key" time="0.249" /><testcase classname="tests.test_settings_store" name="test_preference_survives_bad_values_and_unknown_ai_keys" time="0.768" /><testcase classname="tests.test_solid_contracts" name="test_domain_imports_without_qt_or_houdini" time="0.415" /><testcase classname="tests.test_solid_contracts" name="test_store_observer_sees_valid_before_and_after_states" time="0.282" /><testcase classname="tests.test_solid_contracts" name="test_rename_sqlite_adapter_preserves_atomicity[False]" time="0.319" /><testcase classname="tests.test_solid_contracts" name="test_rename_sqlite_adapter_preserves_atomicity[True]" time="0.334" /><testcase classname="tests.test_solid_contracts" name="test_process_owner_handles_substitute_completion_once" time="0.240" /><testcase classname="tests.test_solid_contracts" name="test_file_start_failure_releases_owner" time="0.254" /><testcase classname="tests.test_solid_contracts" name="test_qt_model_empty_population_and_unsupported_drop[list]" time="0.268" /><testcase classname="tests.test_solid_contracts" name="test_qt_model_empty_population_and_unsupported_drop[table]" time="0.256" /><testcase classname="tests.test_solid_contracts" name="test_qt_model_empty_population_and_unsupported_drop[history]" time="0.260" /><testcase classname="tests.test_sqlite_repository" name="test_repository_roundtrip" time="0.463" /><testcase classname="tests.test_sqlite_repository" name="test_missing_database_is_reported" time="0.267" /><testcase classname="tests.test_startup_guard" name="test_file_logging_is_idempotent_and_plain" time="0.253" /><testcase classname="tests.test_startup_guard" name="test_panel_script_returns_fallback_widget_on_failure" time="0.257" /><testcase classname="tests.test_startup_guard" name="test_panel_script_tracks_one_panel_per_tab" time="0.277" /><testcase classname="tests.test_startup_guard" name="test_unreadable_database_becomes_library_unavailable" time="0.682" /><testcase classname="tests.test_store_and_thumbnails" name="test_asset_index_stays_consistent_and_ids_are_immutable" time="0.256" /><testcase classname="tests.test_store_and_thumbnails" name="test_async_thumbnail_cache_is_bounded_and_rejects_stale_images" time="0.265" /><testcase classname="tests.test_store_and_thumbnails" name="test_thumbnail_resolver_is_lazy_and_runs_outside_gui_thread" time="0.262" /><testcase classname="tests.test_team_library" name="test_backend_contract_roundtrip_and_conflicts[personal]" time="0.657" /><testcase classname="tests.test_team_library" name="test_backend_contract_roundtrip_and_conflicts[server]" time="0.710" /><testcase classname="tests.test_team_library" name="test_personal_revision_observes_original_ui_writes" time="0.423" /><testcase classname="tests.test_team_library" name="test_project_isolation_roles_revocation_and_last_owner" time="0.626" /><testcase classname="tests.test_team_library" name="test_upload_validation_and_unowned_blob" time="0.517" /><testcase classname="tests.test_team_library" name="test_cache_verifies_download_and_repairs_corruption" time="0.277" /><testcase classname="tests.test_team_library" name="test_server_idempotency_and_revisions_are_atomic_under_concurrency" time="0.534" /><testcase classname="tests.test_team_library" name="test_blob_names_are_portable[CON.hda]" time="0.268" /><testcase classname="tests.test_team_library" name="test_blob_names_are_portable[asset. ]" time="0.290" /><testcase classname="tests.test_team_library" name="test_blob_names_are_portable[what?.hda]" time="0.275" /><testcase classname="tests.test_team_library" name="test_blob_names_are_portable[../x]" time="0.263" /><testcase classname="tests.test_team_library" name="test_blob_names_are_portable[a:b]" time="0.278" /><testcase classname="tests.test_team_library" name="test_blob_names_are_portable[NUL]" time="0.251" /><testcase classname="tests.test_team_library" name="test_command_rejects_non_json_metadata" time="0.268" /><testcase classname="tests.test_team_library" name="test_backend_media_and_old_history_deletion[personal]" time="0.594" /><testcase classname="tests.test_team_library" name="test_backend_media_and_old_history_deletion[server]" time="0.707" /><testcase classname="tests.test_team_library" name="test_real_http_transport_upload_download_and_retry" time="1.452" /><testcase classname="tests.test_team_workspace" name="test_async_save_captures_selection_and_keeps_newer_draft" time="0.302" /><testcase classname="tests.test_team_workspace" name="test_lost_response_can_be_retried_after_restart_without_duplicate_write" time="0.278" /><testcase classname="tests.test_team_workspace" name="test_conflict_keeps_draft_and_refresh_does_not_silently_rebase_it" time="0.270" /><testcase classname="tests.test_team_workspace" name="test_closing_does_not_deliver_results_to_dead_view" time="0.288" /><testcase classname="tests.test_team_workspace" name="test_personal_ui_import_does_not_load_server_dependencies" time="1.137" /><testcase classname="tests.test_team_workspace" name="test_pending_ownership_and_late_completion" time="0.287" /><testcase classname="tests.test_team_workspace" name="test_history_delete_keeps_its_asset_when_selection_changes" time="0.251" /><testcase classname="tests.test_version" name="test_version_literals_agree" time="0.288" /><testcase classname="tests.test_version" name="test_package_file_has_no_machine_specific_path" time="0.253" /><testcase classname="tests.test_version_tracking" name="test_manual_checks_append_corrections_and_replay" time="0.341" /><testcase classname="tests.test_version_tracking" name="test_dependencies_survive_old_client_save_and_target_purge" time="0.383" /><testcase classname="tests.test_version_tracking" name="test_current_pointer_rejects_cross_asset_and_trashed_version" time="0.325" /><testcase classname="tests.test_version_tracking" name="test_scene_outbox_is_durable_scoped_and_idempotent" time="0.407" /><testcase classname="tests.test_version_tracking" name="test_server_tracking_permissions_scope_receipts_and_pages" time="0.665" /><testcase classname="tests.test_version_tracking" name="test_copy_checks_keep_provenance_and_remap_internal_dependencies" time="0.772" /><testcase classname="tests.test_version_tracking" name="test_team_registration_recovery_replays_lost_reply" time="0.592" /><testcase classname="tests.test_version_tracking" name="test_personal_receipt_content_and_cleanup_guards" time="0.435" /><testcase classname="tests.test_version_tracking" name="test_v5_migration_preserves_ambiguous_scene_links" time="0.419" /><testcase classname="tests.test_version_tracking" name="test_server_v2_migration_backfills_dependencies" time="0.632" /><testcase classname="tests.test_version_tracking" name="test_tracking_form_and_recovery_dialog" time="0.427" /><testcase classname="tests.test_version_tracking" name="test_scene_record_updates_only_the_matching_version" time="0.350" /><testcase classname="tests.test_version_tracking" name="test_scene_queue_keeps_invalid_record_without_blocking_newer_ones" time="0.307" /><testcase classname="tests.test_version_tracking" name="test_activity_history_does_not_choose_an_unresolved_current_version" time="0.336" /><testcase classname="tests.test_version_tracking" name="test_discard_preserves_a_replaced_dangling_symlink" time="0.379" /><testcase classname="tests.test_version_tracking" name="test_copy_rejects_incomplete_check_before_writing" time="0.362" /><testcase classname="tests.test_version_tracking" name="test_copy_omits_empty_tracking_fields_for_an_older_server" time="0.702" /><testcase classname="tests.test_version_tracking" name="test_personal_catalog_returns_current_uuid_after_activity" time="0.719" /></testsuite></testsuites>